  display.c
C:\Users\user\Desktop\dune\Project1\common.h(11,10): error C2061: 구문 오류: 식별자 'find_sandworm'
  (소스 파일 'display.c'을(를) 컴파일하는 중)
  
C:\Users\user\Desktop\dune\Project1\common.h(11,10): error C2059: 구문 오류: ';'
  (소스 파일 'display.c'을(를) 컴파일하는 중)
  
C:\Users\user\Desktop\dune\Project1\common.h(11,24): error C2059: 구문 오류: '<parameter-list>'
  (소스 파일 'display.c'을(를) 컴파일하는 중)
  
C:\Users\user\Desktop\dune\Project1\common.h(12,10): error C2061: 구문 오류: 식별자 'find_nearest_unit'
  (소스 파일 'display.c'을(를) 컴파일하는 중)
  
C:\Users\user\Desktop\dune\Project1\common.h(12,10): error C2059: 구문 오류: ';'
  (소스 파일 'display.c'을(를) 컴파일하는 중)
  
C:\Users\user\Desktop\dune\Project1\common.h(12,37): error C2146: 구문 오류: ')'이(가) 'sandworm_pos' 식별자 앞에 없습니다.
  (소스 파일 'display.c'을(를) 컴파일하는 중)
  
C:\Users\user\Desktop\dune\Project1\common.h(12,37): error C2061: 구문 오류: 식별자 'sandworm_pos'
  (소스 파일 'display.c'을(를) 컴파일하는 중)
  
C:\Users\user\Desktop\dune\Project1\common.h(12,49): error C2059: 구문 오류: ')'
  (소스 파일 'display.c'을(를) 컴파일하는 중)
  
C:\Users\user\Desktop\dune\Project1\common.h(13,11): error C2061: 구문 오류: 식별자 'calculate_direction'
  (소스 파일 'display.c'을(를) 컴파일하는 중)
  
C:\Users\user\Desktop\dune\Project1\common.h(13,11): error C2059: 구문 오류: ';'
  (소스 파일 'display.c'을(를) 컴파일하는 중)
  
C:\Users\user\Desktop\dune\Project1\common.h(13,40): error C2146: 구문 오류: ')'이(가) 'from' 식별자 앞에 없습니다.
  (소스 파일 'display.c'을(를) 컴파일하는 중)
  
C:\Users\user\Desktop\dune\Project1\common.h(13,40): error C2061: 구문 오류: 식별자 'from'
  (소스 파일 'display.c'을(를) 컴파일하는 중)
  
C:\Users\user\Desktop\dune\Project1\common.h(13,44): error C2059: 구문 오류: ','
  (소스 파일 'display.c'을(를) 컴파일하는 중)
  
C:\Users\user\Desktop\dune\Project1\common.h(13,57): error C2059: 구문 오류: ')'
  (소스 파일 'display.c'을(를) 컴파일하는 중)
  
C:\Users\user\Desktop\dune\Project1\common.h(14,10): error C2061: 구문 오류: 식별자 'get_random_position'
  (소스 파일 'display.c'을(를) 컴파일하는 중)
  
C:\Users\user\Desktop\dune\Project1\common.h(14,10): error C2059: 구문 오류: ';'
  (소스 파일 'display.c'을(를) 컴파일하는 중)
  
C:\Users\user\Desktop\dune\Project1\common.h(14,30): error C2059: 구문 오류: '<parameter-list>'
  (소스 파일 'display.c'을(를) 컴파일하는 중)
  
C:\Users\user\Desktop\dune\Project1\common.h(15,10): error C2061: 구문 오류: 식별자 'get_random_adjacent_position'
  (소스 파일 'display.c'을(를) 컴파일하는 중)
  
C:\Users\user\Desktop\dune\Project1\common.h(15,10): error C2059: 구문 오류: ';'
  (소스 파일 'display.c'을(를) 컴파일하는 중)
  
C:\Users\user\Desktop\dune\Project1\common.h(15,43): error C2059: 구문 오류: '<parameter-list>'
  (소스 파일 'display.c'을(를) 컴파일하는 중)
  
C:\Users\user\Desktop\dune\Project1\common.h(66,11): error C2061: 구문 오류: 식별자 'calculate_direction'
  (소스 파일 'display.c'을(를) 컴파일하는 중)
  
C:\Users\user\Desktop\dune\Project1\common.h(66,11): error C2059: 구문 오류: ';'
  (소스 파일 'display.c'을(를) 컴파일하는 중)
  
C:\Users\user\Desktop\dune\Project1\common.h(66,40): error C2059: 구문 오류: '<parameter-list>'
  (소스 파일 'display.c'을(를) 컴파일하는 중)
  
  engine.c
C:\Users\user\Desktop\dune\Project1\common.h(11,10): error C2061: 구문 오류: 식별자 'find_sandworm'
  (소스 파일 'engine.c'을(를) 컴파일하는 중)
  
C:\Users\user\Desktop\dune\Project1\common.h(11,10): error C2059: 구문 오류: ';'
  (소스 파일 'engine.c'을(를) 컴파일하는 중)
  
C:\Users\user\Desktop\dune\Project1\common.h(11,24): error C2059: 구문 오류: '<parameter-list>'
  (소스 파일 'engine.c'을(를) 컴파일하는 중)
  
C:\Users\user\Desktop\dune\Project1\common.h(12,10): error C2061: 구문 오류: 식별자 'find_nearest_unit'
  (소스 파일 'engine.c'을(를) 컴파일하는 중)
  
C:\Users\user\Desktop\dune\Project1\common.h(12,10): error C2059: 구문 오류: ';'
  (소스 파일 'engine.c'을(를) 컴파일하는 중)
  
C:\Users\user\Desktop\dune\Project1\common.h(12,37): error C2146: 구문 오류: ')'이(가) 'sandworm_pos' 식별자 앞에 없습니다.
  (소스 파일 'engine.c'을(를) 컴파일하는 중)
  
C:\Users\user\Desktop\dune\Project1\common.h(12,37): error C2061: 구문 오류: 식별자 'sandworm_pos'
  (소스 파일 'engine.c'을(를) 컴파일하는 중)
  
C:\Users\user\Desktop\dune\Project1\common.h(12,49): error C2059: 구문 오류: ')'
  (소스 파일 'engine.c'을(를) 컴파일하는 중)
  
C:\Users\user\Desktop\dune\Project1\common.h(13,11): error C2061: 구문 오류: 식별자 'calculate_direction'
  (소스 파일 'engine.c'을(를) 컴파일하는 중)
  
C:\Users\user\Desktop\dune\Project1\common.h(13,11): error C2059: 구문 오류: ';'
  (소스 파일 'engine.c'을(를) 컴파일하는 중)
  
C:\Users\user\Desktop\dune\Project1\common.h(13,40): error C2146: 구문 오류: ')'이(가) 'from' 식별자 앞에 없습니다.
  (소스 파일 'engine.c'을(를) 컴파일하는 중)
  
C:\Users\user\Desktop\dune\Project1\common.h(13,40): error C2061: 구문 오류: 식별자 'from'
  (소스 파일 'engine.c'을(를) 컴파일하는 중)
  
C:\Users\user\Desktop\dune\Project1\common.h(13,44): error C2059: 구문 오류: ','
  (소스 파일 'engine.c'을(를) 컴파일하는 중)
  
C:\Users\user\Desktop\dune\Project1\common.h(13,57): error C2059: 구문 오류: ')'
  (소스 파일 'engine.c'을(를) 컴파일하는 중)
  
C:\Users\user\Desktop\dune\Project1\common.h(14,10): error C2061: 구문 오류: 식별자 'get_random_position'
  (소스 파일 'engine.c'을(를) 컴파일하는 중)
  
C:\Users\user\Desktop\dune\Project1\common.h(14,10): error C2059: 구문 오류: ';'
  (소스 파일 'engine.c'을(를) 컴파일하는 중)
  
C:\Users\user\Desktop\dune\Project1\common.h(14,30): error C2059: 구문 오류: '<parameter-list>'
  (소스 파일 'engine.c'을(를) 컴파일하는 중)
  
C:\Users\user\Desktop\dune\Project1\common.h(15,10): error C2061: 구문 오류: 식별자 'get_random_adjacent_position'
  (소스 파일 'engine.c'을(를) 컴파일하는 중)
  
C:\Users\user\Desktop\dune\Project1\common.h(15,10): error C2059: 구문 오류: ';'
  (소스 파일 'engine.c'을(를) 컴파일하는 중)
  
C:\Users\user\Desktop\dune\Project1\common.h(15,43): error C2059: 구문 오류: '<parameter-list>'
  (소스 파일 'engine.c'을(를) 컴파일하는 중)
  
C:\Users\user\Desktop\dune\Project1\common.h(66,11): error C2061: 구문 오류: 식별자 'calculate_direction'
  (소스 파일 'engine.c'을(를) 컴파일하는 중)
  
C:\Users\user\Desktop\dune\Project1\common.h(66,11): error C2059: 구문 오류: ';'
  (소스 파일 'engine.c'을(를) 컴파일하는 중)
  
C:\Users\user\Desktop\dune\Project1\common.h(66,40): error C2059: 구문 오류: '<parameter-list>'
  (소스 파일 'engine.c'을(를) 컴파일하는 중)
  
C:\Users\user\Desktop\dune\Project1\engine.c(423,21): error C2015: 상수에 문자가 너무 많습니다.
  io.c
C:\Users\user\Desktop\dune\Project1\common.h(11,10): error C2061: 구문 오류: 식별자 'find_sandworm'
  (소스 파일 'io.c'을(를) 컴파일하는 중)
  
C:\Users\user\Desktop\dune\Project1\common.h(11,10): error C2059: 구문 오류: ';'
  (소스 파일 'io.c'을(를) 컴파일하는 중)
  
C:\Users\user\Desktop\dune\Project1\common.h(11,24): error C2059: 구문 오류: '<parameter-list>'
  (소스 파일 'io.c'을(를) 컴파일하는 중)
  
C:\Users\user\Desktop\dune\Project1\common.h(12,10): error C2061: 구문 오류: 식별자 'find_nearest_unit'
  (소스 파일 'io.c'을(를) 컴파일하는 중)
  
C:\Users\user\Desktop\dune\Project1\common.h(12,10): error C2059: 구문 오류: ';'
  (소스 파일 'io.c'을(를) 컴파일하는 중)
  
C:\Users\user\Desktop\dune\Project1\common.h(12,37): error C2146: 구문 오류: ')'이(가) 'sandworm_pos' 식별자 앞에 없습니다.
  (소스 파일 'io.c'을(를) 컴파일하는 중)
  
C:\Users\user\Desktop\dune\Project1\common.h(12,37): error C2061: 구문 오류: 식별자 'sandworm_pos'
  (소스 파일 'io.c'을(를) 컴파일하는 중)
  
C:\Users\user\Desktop\dune\Project1\common.h(12,49): error C2059: 구문 오류: ')'
  (소스 파일 'io.c'을(를) 컴파일하는 중)
  
C:\Users\user\Desktop\dune\Project1\common.h(13,11): error C2061: 구문 오류: 식별자 'calculate_direction'
  (소스 파일 'io.c'을(를) 컴파일하는 중)
  
C:\Users\user\Desktop\dune\Project1\common.h(13,11): error C2059: 구문 오류: ';'
  (소스 파일 'io.c'을(를) 컴파일하는 중)
  
C:\Users\user\Desktop\dune\Project1\common.h(13,40): error C2146: 구문 오류: ')'이(가) 'from' 식별자 앞에 없습니다.
  (소스 파일 'io.c'을(를) 컴파일하는 중)
  
C:\Users\user\Desktop\dune\Project1\common.h(13,40): error C2061: 구문 오류: 식별자 'from'
  (소스 파일 'io.c'을(를) 컴파일하는 중)
  
C:\Users\user\Desktop\dune\Project1\common.h(13,44): error C2059: 구문 오류: ','
  (소스 파일 'io.c'을(를) 컴파일하는 중)
  
C:\Users\user\Desktop\dune\Project1\common.h(13,57): error C2059: 구문 오류: ')'
  (소스 파일 'io.c'을(를) 컴파일하는 중)
  
C:\Users\user\Desktop\dune\Project1\common.h(14,10): error C2061: 구문 오류: 식별자 'get_random_position'
  (소스 파일 'io.c'을(를) 컴파일하는 중)
  
C:\Users\user\Desktop\dune\Project1\common.h(14,10): error C2059: 구문 오류: ';'
  (소스 파일 'io.c'을(를) 컴파일하는 중)
  
C:\Users\user\Desktop\dune\Project1\common.h(14,30): error C2059: 구문 오류: '<parameter-list>'
  (소스 파일 'io.c'을(를) 컴파일하는 중)
  
C:\Users\user\Desktop\dune\Project1\common.h(15,10): error C2061: 구문 오류: 식별자 'get_random_adjacent_position'
  (소스 파일 'io.c'을(를) 컴파일하는 중)
  
C:\Users\user\Desktop\dune\Project1\common.h(15,10): error C2059: 구문 오류: ';'
  (소스 파일 'io.c'을(를) 컴파일하는 중)
  
C:\Users\user\Desktop\dune\Project1\common.h(15,43): error C2059: 구문 오류: '<parameter-list>'
  (소스 파일 'io.c'을(를) 컴파일하는 중)
  
C:\Users\user\Desktop\dune\Project1\common.h(66,11): error C2061: 구문 오류: 식별자 'calculate_direction'
  (소스 파일 'io.c'을(를) 컴파일하는 중)
  
C:\Users\user\Desktop\dune\Project1\common.h(66,11): error C2059: 구문 오류: ';'
  (소스 파일 'io.c'을(를) 컴파일하는 중)
  
C:\Users\user\Desktop\dune\Project1\common.h(66,40): error C2059: 구문 오류: '<parameter-list>'
  (소스 파일 'io.c'을(를) 컴파일하는 중)
  
  코드를 생성하고 있습니다...
